<?xml version="1.0" encoding="UTF-8"?>
<!-- Generated by org.testng.reporters.JUnitXMLReporter -->
<testsuite hostname="MSI" ignored="0" name="Test" tests="10" failures="0" timestamp="05 Jan 2021 17:57:57 GMT" time="0.047" errors="0">
  <testcase name="tc4" time="0.009" classname="org.test.B"/>
  <testcase name="tc1" time="0.009" classname="org.test.A"/>
  <testcase name="tc11" time="0.009" classname="org.test.C"/>
  <testcase name="tc2" time="0.002" classname="org.test.A"/>
  <testcase name="tc5" time="0.004" classname="org.test.B"/>
  <testcase name="tc22" time="0.003" classname="org.test.C"/>
  <testcase name="tc3" time="0.001" classname="org.test.A"/>
  <testcase name="tc6" time="0.003" classname="org.test.B"/>
  <testcase name="tc33" time="0.002" classname="org.test.C"/>
  <testcase name="tc7" time="0.001" classname="org.test.B"/>
</testsuite> <!-- Test -->
