<?xml version="1.0" encoding="UTF-8"?>
<!-- Generated by org.testng.reporters.JUnitXMLReporter -->
<testsuite hostname="MSI" ignored="0" name="Test3" tests="4" failures="0" timestamp="05 Jan 2021 18:13:39 GMT" time="0.039" errors="0">
  <testcase name="tc4" time="0.009" classname="org.test.B"/>
  <testcase name="tc5" time="0.002" classname="org.test.B"/>
  <testcase name="tc6" time="0.001" classname="org.test.B"/>
  <testcase name="tc7" time="0.002" classname="org.test.B"/>
</testsuite> <!-- Test3 -->
